<?xml version="1.0" encoding="UTF-8"?>
<!-- Generated by org.testng.reporters.JUnitReportReporter -->
<testsuite hostname="WKWZTVELBvsIJmm" failures="0" tests="1" name="actiTime.LoginToActiTime" time="13.561" errors="0" timestamp="2023-09-06T12:21:41 IST" skipped="0">
  <testcase classname="actiTime.LoginToActiTime" name="loginToApp" time="13.561"/>
  <system-out/>
</testsuite> <!-- actiTime.LoginToActiTime -->
