<?xml version="1.0" encoding="UTF-8"?>
<!-- Generated by org.testng.reporters.JUnitReportReporter -->
<testsuite hostname="WKWZTVELBvsIJmm" failures="0" tests="2" name="testNG.TestNGPractice" time="0.019" errors="0" timestamp="2023-09-06T12:50:12 IST" skipped="0">
  <testcase classname="testNG.TestNGPractice" name="deleteCustomer" time="0.016"/>
  <system-out/>
  <testcase classname="testNG.TestNGPractice" name="modifyCustomer" time="0.003"/>
  <system-out/>
</testsuite> <!-- testNG.TestNGPractice -->
